2025-06-25 14:12:08,503 - INFO - Starting to scrape all companies...
2025-06-25 14:12:08,503 - INFO - Scraping Solarkal - https://www.solarkal.com/
2025-06-25 14:12:11,667 - INFO - Successfully scraped Solarkal
2025-06-25 14:12:13,675 - INFO - Scraping H2Scan - https://h2scan.com/
2025-06-25 14:12:48,497 - INFO - Successfully scraped H2Scan
2025-06-25 14:12:50,507 - INFO - Scraping Eo Charging - https://www.eocharging.com/
2025-06-25 14:12:51,898 - ERROR - Error fetching mailto:eocharging@goodrelations.co.uk: No connection adapters were found for 'mailto:eocharging@goodrelations.co.uk'
2025-06-25 14:12:51,938 - INFO - Successfully scraped Eo Charging
2025-06-25 14:12:53,947 - INFO - Scraping Prewave - https://www.prewave.com/
2025-06-25 14:12:58,993 - INFO - Successfully scraped Prewave
2025-06-25 14:13:01,003 - INFO - Scraping Viriciti - https://www.chargepoint.com/
2025-06-25 14:13:06,674 - INFO - Successfully scraped Viriciti
2025-06-25 14:13:08,683 - INFO - Scraping EasyMile - https://www.easymile.com/
2025-06-25 14:13:13,098 - INFO - Successfully scraped EasyMile
2025-06-25 14:13:15,107 - INFO - Scraping Everstream - https://www.everstream.ai/
2025-06-25 14:13:15,375 - ERROR - Error fetching https://www.everstream.ai/: 403 Client Error: Forbidden for url: https://www.everstream.ai/
2025-06-25 14:13:17,386 - INFO - Scraping Altus Power - https://www.altuspower.com/
2025-06-25 14:13:19,433 - INFO - Successfully scraped Altus Power
2025-06-25 14:13:21,443 - INFO - Scraping Charm Industrial - https://www.charmindustrial.com/
2025-06-25 14:13:23,007 - ERROR - Error fetching mailto:contact@charmindustrial.com: No connection adapters were found for 'mailto:contact@charmindustrial.com'
2025-06-25 14:13:25,535 - ERROR - Error fetching mailto:press@charmindustrial.com: No connection adapters were found for 'mailto:press@charmindustrial.com'
2025-06-25 14:13:25,552 - INFO - Successfully scraped Charm Industrial
2025-06-25 14:13:27,563 - INFO - Scraping Isotropic Systems - https://www.all.space/
2025-06-25 14:13:30,171 - INFO - Successfully scraped Isotropic Systems
2025-06-25 14:13:32,179 - INFO - Scraping Caban Systems - https://www.cabanenergy.com/
2025-06-25 14:13:33,421 - INFO - Successfully scraped Caban Systems
2025-06-25 14:13:35,431 - INFO - Scraping BioBTX - https://biobtx.com/
2025-06-25 14:13:42,278 - INFO - Successfully scraped BioBTX
2025-06-25 14:13:44,287 - INFO - Scraping Hydrogenious LOHC - https://hydrogenious.net/
2025-06-25 14:13:49,045 - INFO - Successfully scraped Hydrogenious LOHC
2025-06-25 14:13:51,055 - INFO - Scraping Iogen - https://www.iogen.com/
2025-06-25 14:13:55,612 - INFO - Successfully scraped Iogen
2025-06-25 14:13:57,623 - INFO - Scraping Infinited Fiber Company - https://infinitedfiber.com/
2025-06-25 14:14:03,111 - INFO - Successfully scraped Infinited Fiber Company
2025-06-25 14:14:03,111 - INFO - Completed scraping 15 companies
2025-06-25 14:14:03,111 - INFO - Saving data to net_zero_companies_data.xlsx
2025-06-25 14:14:04,022 - INFO - Data saved to net_zero_companies_data.xlsx
2025-06-25 14:14:04,022 - INFO - Saving data to net_zero_companies_data.json
2025-06-25 14:14:04,024 - INFO - Data saved to net_zero_companies_data.json
2025-06-25 14:14:04,024 - INFO - Scraping completed!
2025-06-25 14:14:04,024 - INFO - Total companies processed: 15
2025-06-25 14:14:04,024 - INFO - Total offices found: 30
2025-06-25 14:14:04,024 - INFO - Total clients found: 60
2025-06-25 14:14:04,024 - INFO - Total news items found: 32
